<?xml version="1.0" encoding="UTF-8"?>
<!-- Generated by org.testng.reporters.JUnitReportReporter -->
<testsuite hostname="Sarojs-iMac.local" failures="0" tests="1" name="testcases.saroj.BBB" time="4.419" errors="0" timestamp="2023-12-21T13:43:49 EST" skipped="0">
  <testcase classname="testcases.saroj.BBB" name="justForTest" time="4.419"/>
  <system-out/>
</testsuite> <!-- testcases.saroj.BBB -->
