<?xml version="1.0" encoding="UTF-8"?>
<!-- Generated by org.testng.reporters.JUnitReportReporter -->
<testsuite hostname="Sarojs-iMac.local" failures="0" tests="1" name="testcases.saroj.BB_TestCase_02" time="6.357" errors="0" timestamp="2023-12-20T16:45:19 EST" skipped="0">
  <testcase classname="testcases.saroj.BB_TestCase_02" name="addItemtoCart" time="6.357"/>
</testsuite> <!-- testcases.saroj.BB_TestCase_02 -->
